<?xml version="1.0" encoding="utf-8"?><testsuites><testsuite errors="0" failures="0" hostname="DESKTOP-2NQVJHF" name="pytest" skipped="0" tests="3" time="50.329" timestamp="2020-07-11T14:10:40.998253"><testcase classname="test_HomePage.Test_Home_Page" file="test_HomePage.py" line="9" name="test_home_page[getDate0]" time="19.014"></testcase><testcase classname="test_HomePage.Test_Home_Page" file="test_HomePage.py" line="9" name="test_home_page[getDate1]" time="8.111"></testcase><testcase classname="test_e2e.Test_One" file="test_e2e.py" line="7" name="test_e2e" time="23.089"></testcase></testsuite></testsuites>